[PREINITIALIZATION][CLIENT][INFO] Thank you to the Patreon supporters below and others who make CraftTweaker possible!
Pongo Sapiens
Hooley
embeddedt
DreamThorn
Genryu
Ncc1702
Jessie Sims
NerdyWhiteGuy
Jonathan McManus
Jellycraft
Peregrinus11
NickT
Lucas
Spencer Gilbert
Zuniroa
Ivy_
Belathus
Quaternary
Jordan Pineo
If you want to support the mod, checkout https://patreon.com/jaredlll08?s=crtmod

[PREINITIALIZATION][CLIENT][TRACE] Current loaders after merging: [[preinit]]
[PREINITIALIZATION][CLIENT][INFO] Loading scripts for loader with names [preinit]
[PREINITIALIZATION][CLIENT][TRACE] [preinit | SIDE_CLIENT]: Skipping file {[0:crafttweaker|reloadable]: backportstuff.zs} as we are currently loading with a different loader
[PREINITIALIZATION][CLIENT][TRACE] [preinit | SIDE_CLIENT]: Skipping file {[0:crafttweaker|reloadable]: Beestuff.zs} as we are currently loading with a different loader
[PREINITIALIZATION][CLIENT][TRACE] [preinit | SIDE_CLIENT]: Skipping file {[0:crafttweaker|reloadable]: botania.zs} as we are currently loading with a different loader
[PREINITIALIZATION][CLIENT][TRACE] [preinit | SIDE_CLIENT]: Skipping file {[0:contenttweaker]: contenttweaker.zs} as we are currently loading with a different loader
[PREINITIALIZATION][CLIENT][TRACE] [preinit | SIDE_CLIENT]: Skipping file {[0:crafttweaker|reloadable]: fartier.zs} as we are currently loading with a different loader
[PREINITIALIZATION][CLIENT][TRACE] [preinit | SIDE_CLIENT]: Skipping file {[0:crafttweaker|reloadable]: FoodOverhaul.zs} as we are currently loading with a different loader
[PREINITIALIZATION][CLIENT][TRACE] [preinit | SIDE_CLIENT]: Skipping file {[0:crafttweaker|reloadable]: galacticraft.zs} as we are currently loading with a different loader
[PREINITIALIZATION][CLIENT][TRACE] [preinit | SIDE_CLIENT]: Skipping file {[0:crafttweaker|reloadable]: icbm+turrets.zs} as we are currently loading with a different loader
[PREINITIALIZATION][CLIENT][TRACE] [preinit | SIDE_CLIENT]: Skipping file {[0:crafttweaker|reloadable]: inscriber fix.zs} as we are currently loading with a different loader
[PREINITIALIZATION][CLIENT][TRACE] [preinit | SIDE_CLIENT]: Skipping file {[0:crafttweaker|reloadable]: interptier.zs} as we are currently loading with a different loader
[PREINITIALIZATION][CLIENT][TRACE] [preinit | SIDE_CLIENT]: Skipping file {[0:crafttweaker|reloadable]: LootTableTweaker\LootTableTweaker.zs} as we are currently loading with a different loader
[PREINITIALIZATION][CLIENT][TRACE] [preinit | SIDE_CLIENT]: Skipping file {[0:crafttweaker|reloadable]: mobstages.zs} as we are currently loading with a different loader
[PREINITIALIZATION][CLIENT][TRACE] [preinit | SIDE_CLIENT]: Skipping file {[0:crafttweaker|reloadable]: mystical_agriculture.zs} as we are currently loading with a different loader
[PREINITIALIZATION][CLIENT][TRACE] [preinit | SIDE_CLIENT]: Skipping file {[0:crafttweaker|reloadable]: nhtier.zs} as we are currently loading with a different loader
[PREINITIALIZATION][CLIENT][TRACE] [preinit | SIDE_CLIENT]: Skipping file {[0:crafttweaker|reloadable]: oredict.zs} as we are currently loading with a different loader
[PREINITIALIZATION][CLIENT][TRACE] [preinit | SIDE_CLIENT]: Skipping file {[0:crafttweaker|reloadable]: revtier.zs} as we are currently loading with a different loader
[PREINITIALIZATION][CLIENT][TRACE] [preinit | SIDE_CLIENT]: Skipping file {[0:crafttweaker]: SpartanNetheriteSmithing.zs} as we are currently loading with a different loader
[PREINITIALIZATION][CLIENT][TRACE] [preinit | SIDE_CLIENT]: Skipping file {[0:crafttweaker|reloadable]: techguns.zs} as we are currently loading with a different loader
[PREINITIALIZATION][CLIENT][TRACE] Completed script loading in: 3ms
[PREINITIALIZATION][CLIENT][INFO] Hey! Here is ZenUtils.
[PREINITIALIZATION][CLIENT][TRACE] Current loaders after merging: [[preinit], [contenttweaker]]
[PREINITIALIZATION][CLIENT][INFO] Loading scripts for loader with names [contenttweaker]
[PREINITIALIZATION][CLIENT][TRACE] [contenttweaker | SIDE_CLIENT]: Skipping file {[0:crafttweaker|reloadable]: backportstuff.zs} as we are currently loading with a different loader
[PREINITIALIZATION][CLIENT][TRACE] [contenttweaker | SIDE_CLIENT]: Skipping file {[0:crafttweaker|reloadable]: Beestuff.zs} as we are currently loading with a different loader
[PREINITIALIZATION][CLIENT][TRACE] [contenttweaker | SIDE_CLIENT]: Skipping file {[0:crafttweaker|reloadable]: botania.zs} as we are currently loading with a different loader
[PREINITIALIZATION][CLIENT][TRACE] [contenttweaker | SIDE_CLIENT]: Loading Script: {[0:contenttweaker]: contenttweaker.zs}
[PREINITIALIZATION][CLIENT][TRACE] [contenttweaker | SIDE_CLIENT]: Skipping file {[0:crafttweaker|reloadable]: fartier.zs} as we are currently loading with a different loader
[PREINITIALIZATION][CLIENT][TRACE] [contenttweaker | SIDE_CLIENT]: Skipping file {[0:crafttweaker|reloadable]: FoodOverhaul.zs} as we are currently loading with a different loader
[PREINITIALIZATION][CLIENT][TRACE] [contenttweaker | SIDE_CLIENT]: Skipping file {[0:crafttweaker|reloadable]: galacticraft.zs} as we are currently loading with a different loader
[PREINITIALIZATION][CLIENT][TRACE] [contenttweaker | SIDE_CLIENT]: Skipping file {[0:crafttweaker|reloadable]: icbm+turrets.zs} as we are currently loading with a different loader
[PREINITIALIZATION][CLIENT][TRACE] [contenttweaker | SIDE_CLIENT]: Skipping file {[0:crafttweaker|reloadable]: inscriber fix.zs} as we are currently loading with a different loader
[PREINITIALIZATION][CLIENT][TRACE] [contenttweaker | SIDE_CLIENT]: Skipping file {[0:crafttweaker|reloadable]: interptier.zs} as we are currently loading with a different loader
[PREINITIALIZATION][CLIENT][TRACE] [contenttweaker | SIDE_CLIENT]: Skipping file {[0:crafttweaker|reloadable]: LootTableTweaker\LootTableTweaker.zs} as we are currently loading with a different loader
[PREINITIALIZATION][CLIENT][TRACE] [contenttweaker | SIDE_CLIENT]: Skipping file {[0:crafttweaker|reloadable]: mobstages.zs} as we are currently loading with a different loader
[PREINITIALIZATION][CLIENT][TRACE] [contenttweaker | SIDE_CLIENT]: Skipping file {[0:crafttweaker|reloadable]: mystical_agriculture.zs} as we are currently loading with a different loader
[PREINITIALIZATION][CLIENT][TRACE] [contenttweaker | SIDE_CLIENT]: Skipping file {[0:crafttweaker|reloadable]: nhtier.zs} as we are currently loading with a different loader
[PREINITIALIZATION][CLIENT][TRACE] [contenttweaker | SIDE_CLIENT]: Skipping file {[0:crafttweaker|reloadable]: oredict.zs} as we are currently loading with a different loader
[PREINITIALIZATION][CLIENT][TRACE] [contenttweaker | SIDE_CLIENT]: Skipping file {[0:crafttweaker|reloadable]: revtier.zs} as we are currently loading with a different loader
[PREINITIALIZATION][CLIENT][TRACE] [contenttweaker | SIDE_CLIENT]: Skipping file {[0:crafttweaker]: SpartanNetheriteSmithing.zs} as we are currently loading with a different loader
[PREINITIALIZATION][CLIENT][TRACE] [contenttweaker | SIDE_CLIENT]: Skipping file {[0:crafttweaker|reloadable]: techguns.zs} as we are currently loading with a different loader
[PREINITIALIZATION][CLIENT][TRACE] Completed script loading in: 282ms
[PREINITIALIZATION][CLIENT][TRACE] Current loaders after merging: [[preinit], [contenttweaker], [finalize_contenttweaker]]
[PREINITIALIZATION][CLIENT][INFO] Loading scripts for loader with names [finalize_contenttweaker]
[PREINITIALIZATION][CLIENT][TRACE] [finalize_contenttweaker | SIDE_CLIENT]: Skipping file {[0:crafttweaker|reloadable]: backportstuff.zs} as we are currently loading with a different loader
[PREINITIALIZATION][CLIENT][TRACE] [finalize_contenttweaker | SIDE_CLIENT]: Skipping file {[0:crafttweaker|reloadable]: Beestuff.zs} as we are currently loading with a different loader
[PREINITIALIZATION][CLIENT][TRACE] [finalize_contenttweaker | SIDE_CLIENT]: Skipping file {[0:crafttweaker|reloadable]: botania.zs} as we are currently loading with a different loader
[PREINITIALIZATION][CLIENT][TRACE] [finalize_contenttweaker | SIDE_CLIENT]: Skipping file {[0:contenttweaker]: contenttweaker.zs} as we are currently loading with a different loader
[PREINITIALIZATION][CLIENT][TRACE] [finalize_contenttweaker | SIDE_CLIENT]: Skipping file {[0:crafttweaker|reloadable]: fartier.zs} as we are currently loading with a different loader
[PREINITIALIZATION][CLIENT][TRACE] [finalize_contenttweaker | SIDE_CLIENT]: Skipping file {[0:crafttweaker|reloadable]: FoodOverhaul.zs} as we are currently loading with a different loader
[PREINITIALIZATION][CLIENT][TRACE] [finalize_contenttweaker | SIDE_CLIENT]: Skipping file {[0:crafttweaker|reloadable]: galacticraft.zs} as we are currently loading with a different loader
[PREINITIALIZATION][CLIENT][TRACE] [finalize_contenttweaker | SIDE_CLIENT]: Skipping file {[0:crafttweaker|reloadable]: icbm+turrets.zs} as we are currently loading with a different loader
[PREINITIALIZATION][CLIENT][TRACE] [finalize_contenttweaker | SIDE_CLIENT]: Skipping file {[0:crafttweaker|reloadable]: inscriber fix.zs} as we are currently loading with a different loader
[PREINITIALIZATION][CLIENT][TRACE] [finalize_contenttweaker | SIDE_CLIENT]: Skipping file {[0:crafttweaker|reloadable]: interptier.zs} as we are currently loading with a different loader
[PREINITIALIZATION][CLIENT][TRACE] [finalize_contenttweaker | SIDE_CLIENT]: Skipping file {[0:crafttweaker|reloadable]: LootTableTweaker\LootTableTweaker.zs} as we are currently loading with a different loader
[PREINITIALIZATION][CLIENT][TRACE] [finalize_contenttweaker | SIDE_CLIENT]: Skipping file {[0:crafttweaker|reloadable]: mobstages.zs} as we are currently loading with a different loader
[PREINITIALIZATION][CLIENT][TRACE] [finalize_contenttweaker | SIDE_CLIENT]: Skipping file {[0:crafttweaker|reloadable]: mystical_agriculture.zs} as we are currently loading with a different loader
[PREINITIALIZATION][CLIENT][TRACE] [finalize_contenttweaker | SIDE_CLIENT]: Skipping file {[0:crafttweaker|reloadable]: nhtier.zs} as we are currently loading with a different loader
[PREINITIALIZATION][CLIENT][TRACE] [finalize_contenttweaker | SIDE_CLIENT]: Skipping file {[0:crafttweaker|reloadable]: oredict.zs} as we are currently loading with a different loader
[PREINITIALIZATION][CLIENT][TRACE] [finalize_contenttweaker | SIDE_CLIENT]: Skipping file {[0:crafttweaker|reloadable]: revtier.zs} as we are currently loading with a different loader
[PREINITIALIZATION][CLIENT][TRACE] [finalize_contenttweaker | SIDE_CLIENT]: Skipping file {[0:crafttweaker]: SpartanNetheriteSmithing.zs} as we are currently loading with a different loader
[PREINITIALIZATION][CLIENT][TRACE] [finalize_contenttweaker | SIDE_CLIENT]: Skipping file {[0:crafttweaker|reloadable]: techguns.zs} as we are currently loading with a different loader
[PREINITIALIZATION][CLIENT][TRACE] Completed script loading in: 2ms
