[17:21:54:486] [Music Triggers/INFO ]: Registered jukebox channel
[17:21:54:492] [Music Triggers/INFO ]: Initializing client channels
[17:21:55:245] [Music Triggers/INFO ]: Channel[channel_nam] - Registered local sound engine
[17:21:55:265] [Music Triggers/INFO ]: Channel[channel_nam] - Registered trigger raining
[17:21:55:280] [Music Triggers/WARN ]: Channel[channel_nam] - Trigger with name underwater under audio 05AndrewHulshultSuspense was not recognized as a registered trigger and will be skipped
[17:21:55:281] [Music Triggers/WARN ]: Channel[channel_nam] - Trigger with name menu under audio 05AndrewHulshultSuspense was not recognized as a registered trigger and will be skipped
[17:21:55:288] [Music Triggers/INFO ]: Channel[channel_nam] - Assigned triggers [ raining] to audio 05AndrewHulshultSuspense
[17:21:55:288] [Music Triggers/WARN ]: Channel[channel_nam] - No valid triggers were registered for audio 01_Andrew_Hulshult_At_Dooms_Gate so it has been skipped!
[17:21:55:407] [Music Triggers/INFO ]: Channel[channel_nam] - Seekable track loaded to id 06  Andrew Hulshult On the Hunt from file[06  Andrew Hulshult On the Hunt.mp3]
[17:21:55:407] [Music Triggers/INFO ]: Channel[channel_nam] - Seekable track loaded to id 05AndrewHulshultSuspense from file[05AndrewHulshultSuspense.mp3]
[17:21:55:407] [Music Triggers/INFO ]: Channel[channel_nam] - Seekable track loaded to id 13 Andrew Hulshult  Intermission from Doom from file[13 Andrew Hulshult  Intermission from Doom.mp3]
[17:21:55:407] [Music Triggers/INFO ]: Channel[channel_nam] - Seekable track loaded to id 20 Andrew Hulshult  Deep Into the Code from file[20 Andrew Hulshult  Deep Into the Code.mp3]
[17:21:55:407] [Music Triggers/INFO ]: Channel[channel_nam] - Seekable track loaded to id 14 Andrew Hulshult  Theyre Going to Get You from file[14 Andrew Hulshult  Theyre Going to Get You.mp3]
[17:21:55:407] [Music Triggers/INFO ]: Channel[channel_nam] - Seekable track loaded to id 12  Andrew Hulshult  The Demons from Adrians Pen from file[12  Andrew Hulshult  The Demons from Adrians Pen.mp3]
[17:21:55:407] [Music Triggers/INFO ]: Channel[channel_nam] - Seekable track loaded to id 04  Andrew Hulshult  Kitchen Ace from file[04  Andrew Hulshult  Kitchen Ace.ogg]
[17:21:55:407] [Music Triggers/INFO ]: Channel[channel_nam] - Seekable track loaded to id 07  Andrew Hulshult  Demons on the Prey from file[07  Andrew Hulshult  Demons on the Prey.mp3]
[17:21:55:407] [Music Triggers/INFO ]: Channel[channel_nam] - Seekable track loaded to id 01_Andrew_Hulshult_At_Dooms_Gate from file[01_Andrew_Hulshult_At_Dooms_Gate.ogg]
[17:21:55:407] [Music Triggers/INFO ]: Channel[channel_nam] - Seekable track loaded to id 11  Andrew Hulshult  I Sawed the Demons from file[11  Andrew Hulshult  I Sawed the Demons.mp3]
[17:21:55:410] [Music Triggers/INFO ]: Channel[channel_nam] - Seekable track loaded to id 15  Andrew Hulshult  Sinister from file[15  Andrew Hulshult  Sinister.mp3]
[17:21:55:410] [Music Triggers/INFO ]: Channel[channel_nam] - Seekable track loaded to id 03 Andrew Hulshult  Dark Halls from file[03 Andrew Hulshult  Dark Halls.ogg]
[17:21:55:410] [Music Triggers/INFO ]: Channel[channel_nam] - Seekable track loaded to id 17  Andrew Hulshult  Nobody Told Me About Id from file[17  Andrew Hulshult  Nobody Told Me About Id.mp3]
[17:21:55:410] [Music Triggers/INFO ]: Channel[channel_nam] - Seekable track loaded to id 16  Andrew Hulshult  Waltz of the Demons from file[16  Andrew Hulshult  Waltz of the Demons.mp3]
[17:21:55:410] [Music Triggers/INFO ]: Channel[channel_nam] - Seekable track loaded to id 21  Andrew Hulshult  Facing the Spider from file[21  Andrew Hulshult  Facing the Spider.mp3]
[17:21:55:410] [Music Triggers/INFO ]: Channel[channel_nam] - Seekable track loaded to id 10 Andrew Hulshult Victory Music from file[10 Andrew Hulshult Victory Music.mp3]
[17:21:55:411] [Music Triggers/INFO ]: Channel[channel_nam] - Seekable track loaded to id 02  Andrew Hulshult  The Imps Song from file[02  Andrew Hulshult  The Imps Song.ogg]
[17:21:55:411] [Music Triggers/INFO ]: Channel[channel_nam] - Seekable track loaded to id 19  Andrew Hulshult  Donna to the Rescue from file[19  Andrew Hulshult  Donna to the Rescue.mp3]
[17:21:55:411] [Music Triggers/INFO ]: Channel[channel_nam] - Seekable track loaded to id 08  Andrew Hulshult  Sign of Evil from file[08  Andrew Hulshult  Sign of Evil.mp3]
[17:21:55:411] [Music Triggers/INFO ]: Channel[channel_nam] - Seekable track loaded to id 09  Andrew Hulshult  Hiding the Secrets from file[09  Andrew Hulshult  Hiding the Secrets.mp3]
[17:21:55:411] [Music Triggers/INFO ]: Channel[channel_nam] - Seekable track loaded to id 18  Andrew Hulshult  Untitled from file[18  Andrew Hulshult  Untitled.mp3]
[17:21:55:430] [Music Triggers/ERROR]: Channel[channel_nam] - There was an exception when attempting to extract audio to id 22  Andrew Hulshult  End Game Sweet Little Dead Bunny from type file[22  Andrew Hulshult  End Game Sweet Little Dead Bunny.mp3]! See the main log for the full stacktrack of the error 'Unknown file format.'.
[17:25:33:079] [Music Triggers/INFO ]: Channel[channel_nam] - Attempting to play seekable track registered as 05AndrewHulshultSuspense
